<testsuite errors="0" failures="0" name="Django Project Tests" skips="0" tests="6" time="0.489"><testcase classname="quiz.tests.test_answer.QuizTestAnswerCase" name="test_create_room" time="0.000052" /><testcase classname="quiz.tests.test_room.QuizTestRoomCase" name="test_answer" time="0.000059" /><testcase classname="account.tests.LoginLogoutCase" name="test_login" time="0.175571" /><testcase classname="account.tests.LoginLogoutCase" name="test_logout" time="0.107760" /><testcase classname="account.tests.LoginLogoutCase" name="test_registration" time="0.161224" /><testcase classname="main.tests.PageTestCase" name="test_index_page" time="0.002046" /></testsuite>